<?xml version="1.0" encoding="UTF-8"?>
<testng-results ignored="0" total="2" passed="2" failed="0" skipped="0">
  <reporter-output>
  </reporter-output>
  <suite started-at="2021-03-16T18:27:23Z" name="Default suite" finished-at="2021-03-16T18:27:30Z" duration-ms="6972">
    <groups>
    </groups>
    <test started-at="2021-03-16T18:27:23Z" name="Default test" finished-at="2021-03-16T18:27:30Z" duration-ms="6972">
      <class name="controller.Controller">
        <test-method is-config="true" signature="openUrl()[pri:0, instance:controller.Controller@51c693d]" started-at="2021-03-16T18:27:13Z" name="openUrl" finished-at="2021-03-16T18:27:23Z" duration-ms="10017" status="PASS">
          <reporter-output>
          </reporter-output>
        </test-method> <!-- openUrl -->
        <test-method signature="fillData(java.lang.String, java.lang.String, java.lang.String, java.lang.String, java.lang.String, java.lang.String, java.lang.String, java.lang.String, java.lang.String, java.lang.String)[pri:0, instance:controller.Controller@51c693d]" started-at="2021-03-16T18:27:24Z" name="fillData" data-provider="getData" finished-at="2021-03-16T18:27:27Z" duration-ms="2529" status="PASS">
          <params>
            <param index="0">
              <value>
                <![CDATA[Gaurav]]>
              </value>
            </param>
            <param index="1">
              <value>
                <![CDATA[Guleria]]>
              </value>
            </param>
            <param index="2">
              <value>
                <![CDATA[Male]]>
              </value>
            </param>
            <param index="3">
              <value>
                <![CDATA[4.0]]>
              </value>
            </param>
            <param index="4">
              <value>
                <![CDATA[02-Mar-2021]]>
              </value>
            </param>
            <param index="5">
              <value>
                <![CDATA[Manual Tester]]>
              </value>
            </param>
            <param index="6">
              <value>
                <![CDATA[QTP]]>
              </value>
            </param>
            <param index="7">
              <value>
                <![CDATA[Africa]]>
              </value>
            </param>
            <param index="8">
              <value>
                <![CDATA[Navigation Commands]]>
              </value>
            </param>
            <param index="9">
              <value>
                <![CDATA[/src/main/resources/Feb bill.pdf]]>
              </value>
            </param>
          </params>
          <reporter-output>
          </reporter-output>
        </test-method> <!-- fillData -->
        <test-method is-config="true" signature="writeExcel()[pri:0, instance:controller.Controller@51c693d]" started-at="2021-03-16T18:27:27Z" name="writeExcel" finished-at="2021-03-16T18:27:27Z" duration-ms="233" status="PASS">
          <reporter-output>
          </reporter-output>
        </test-method> <!-- writeExcel -->
        <test-method signature="fillData(java.lang.String, java.lang.String, java.lang.String, java.lang.String, java.lang.String, java.lang.String, java.lang.String, java.lang.String, java.lang.String, java.lang.String)[pri:0, instance:controller.Controller@51c693d]" started-at="2021-03-16T18:27:27Z" name="fillData" data-provider="getData" finished-at="2021-03-16T18:27:30Z" duration-ms="2789" status="PASS">
          <params>
            <param index="0">
              <value>
                <![CDATA[rohit]]>
              </value>
            </param>
            <param index="1">
              <value>
                <![CDATA[rana]]>
              </value>
            </param>
            <param index="2">
              <value>
                <![CDATA[Male]]>
              </value>
            </param>
            <param index="3">
              <value>
                <![CDATA[6]]>
              </value>
            </param>
            <param index="4">
              <value>
                <![CDATA[23-Mar-2021]]>
              </value>
            </param>
            <param index="5">
              <value>
                <![CDATA[Manual Tester]]>
              </value>
            </param>
            <param index="6">
              <value>
                <![CDATA[QTP]]>
              </value>
            </param>
            <param index="7">
              <value>
                <![CDATA[Africa]]>
              </value>
            </param>
            <param index="8">
              <value>
                <![CDATA[Navigation Commands]]>
              </value>
            </param>
            <param index="9">
              <value>
                <![CDATA[/src/main/resources/Feb bill.pdf]]>
              </value>
            </param>
          </params>
          <reporter-output>
          </reporter-output>
        </test-method> <!-- fillData -->
        <test-method is-config="true" signature="writeExcel()[pri:0, instance:controller.Controller@51c693d]" started-at="2021-03-16T18:27:30Z" name="writeExcel" finished-at="2021-03-16T18:27:30Z" duration-ms="93" status="PASS">
          <reporter-output>
          </reporter-output>
        </test-method> <!-- writeExcel -->
        <test-method is-config="true" signature="closeBrowser()[pri:0, instance:controller.Controller@51c693d]" started-at="2021-03-16T18:27:30Z" name="closeBrowser" finished-at="2021-03-16T18:27:30Z" duration-ms="1" status="PASS">
          <reporter-output>
          </reporter-output>
        </test-method> <!-- closeBrowser -->
      </class> <!-- controller.Controller -->
    </test> <!-- Default test -->
  </suite> <!-- Default suite -->
</testng-results>
