<?xml version="1.0" encoding="UTF-8"?>
<testng-results ignored="0" total="1" passed="0" failed="1" skipped="0">
  <reporter-output>
  </reporter-output>
  <suite started-at="2021-03-05T18:54:00Z" name="Default suite" finished-at="2021-03-05T18:54:03Z" duration-ms="2442">
    <groups>
    </groups>
    <test started-at="2021-03-05T18:54:00Z" name="Default test" finished-at="2021-03-05T18:54:03Z" duration-ms="2442">
      <class name="controller.Controller">
        <test-method is-config="true" signature="openUrl()[pri:0, instance:controller.Controller@266374ef]" started-at="2021-03-05T18:53:48Z" name="openUrl" finished-at="2021-03-05T18:54:00Z" duration-ms="12381" status="PASS">
          <reporter-output>
          </reporter-output>
        </test-method> <!-- openUrl -->
        <test-method signature="fillData()[pri:0, instance:controller.Controller@266374ef]" started-at="2021-03-05T18:54:00Z" name="fillData" finished-at="2021-03-05T18:54:03Z" duration-ms="2398" status="FAIL">
          <exception class="java.lang.NumberFormatException">
            <message>
              <![CDATA[For input string: "4.0"]]>
            </message>
            <full-stacktrace>
              <![CDATA[java.lang.NumberFormatException: For input string: "4.0"
at java.base/java.lang.NumberFormatException.forInputString(NumberFormatException.java:65)
at java.base/java.lang.Integer.parseInt(Integer.java:652)
at java.base/java.lang.Integer.valueOf(Integer.java:983)
at repos.TagHandlers.yearOfExperience(TagHandlers.java:32)
at controller.Controller.fillData(Controller.java:36)
at java.base/jdk.internal.reflect.NativeMethodAccessorImpl.invoke0(Native Method)
at java.base/jdk.internal.reflect.NativeMethodAccessorImpl.invoke(NativeMethodAccessorImpl.java:62)
at java.base/jdk.internal.reflect.DelegatingMethodAccessorImpl.invoke(DelegatingMethodAccessorImpl.java:43)
at java.base/java.lang.reflect.Method.invoke(Method.java:566)
at org.testng.internal.MethodInvocationHelper.invokeMethod(MethodInvocationHelper.java:124)
at org.testng.internal.Invoker.invokeMethod(Invoker.java:583)
at org.testng.internal.Invoker.invokeTestMethod(Invoker.java:719)
at org.testng.internal.Invoker.invokeTestMethods(Invoker.java:989)
at org.testng.internal.TestMethodWorker.invokeTestMethods(TestMethodWorker.java:125)
at org.testng.internal.TestMethodWorker.run(TestMethodWorker.java:109)
at org.testng.TestRunner.privateRun(TestRunner.java:648)
at org.testng.TestRunner.run(TestRunner.java:505)
at org.testng.SuiteRunner.runTest(SuiteRunner.java:455)
at org.testng.SuiteRunner.runSequentially(SuiteRunner.java:450)
at org.testng.SuiteRunner.privateRun(SuiteRunner.java:415)
at org.testng.SuiteRunner.run(SuiteRunner.java:364)
at org.testng.SuiteRunnerWorker.runSuite(SuiteRunnerWorker.java:52)
at org.testng.SuiteRunnerWorker.run(SuiteRunnerWorker.java:84)
at org.testng.TestNG.runSuitesSequentially(TestNG.java:1208)
at org.testng.TestNG.runSuitesLocally(TestNG.java:1137)
at org.testng.TestNG.runSuites(TestNG.java:1049)
at org.testng.TestNG.run(TestNG.java:1017)
at org.testng.remote.AbstractRemoteTestNG.run(AbstractRemoteTestNG.java:115)
at org.testng.remote.RemoteTestNG.initAndRun(RemoteTestNG.java:251)
at org.testng.remote.RemoteTestNG.main(RemoteTestNG.java:77)
]]>
            </full-stacktrace>
          </exception> <!-- java.lang.NumberFormatException -->
          <reporter-output>
          </reporter-output>
        </test-method> <!-- fillData -->
        <test-method is-config="true" signature="writeExcel()[pri:0, instance:controller.Controller@266374ef]" started-at="2021-03-05T18:54:03Z" name="writeExcel" finished-at="2021-03-05T18:54:03Z" duration-ms="1" status="PASS">
          <reporter-output>
          </reporter-output>
        </test-method> <!-- writeExcel -->
        <test-method is-config="true" signature="closeBrowser()[pri:0, instance:controller.Controller@266374ef]" started-at="2021-03-05T18:54:03Z" name="closeBrowser" finished-at="2021-03-05T18:54:03Z" duration-ms="0" status="PASS">
          <reporter-output>
          </reporter-output>
        </test-method> <!-- closeBrowser -->
      </class> <!-- controller.Controller -->
    </test> <!-- Default test -->
  </suite> <!-- Default suite -->
</testng-results>
